2019-11-20 19:29:19 下午 [Thread: main][ Class:org.apache.hadoop.hbase.client.ConnectionUtils >> Method: org.apache.hadoop.hbase.client.ConnectionUtils.getStubKey(ConnectionUtils.java:245) ]
WARN:Can not resolve myhbase, please check your network
java.net.UnknownHostException: myhbase
	at java.net.Inet6AddressImpl.lookupAllHostAddr(Native Method)
	at java.net.InetAddress$2.lookupAllHostAddr(InetAddress.java:928)
	at java.net.InetAddress.getAddressesFromNameService(InetAddress.java:1323)
	at java.net.InetAddress.getAllByName0(InetAddress.java:1276)
	at java.net.InetAddress.getAllByName(InetAddress.java:1192)
	at java.net.InetAddress.getAllByName(InetAddress.java:1126)
	at java.net.InetAddress.getByName(InetAddress.java:1076)
	at org.apache.hadoop.hbase.client.ConnectionUtils.getStubKey(ConnectionUtils.java:242)
	at org.apache.hadoop.hbase.client.ConnectionImplementation$MasterServiceStubMaker.makeStubNoRetries(ConnectionImplementation.java:1172)
	at org.apache.hadoop.hbase.client.ConnectionImplementation$MasterServiceStubMaker.makeStub(ConnectionImplementation.java:1194)
	at org.apache.hadoop.hbase.client.ConnectionImplementation.getKeepAliveMasterService(ConnectionImplementation.java:1259)
	at org.apache.hadoop.hbase.client.ConnectionImplementation.getMaster(ConnectionImplementation.java:1248)
	at org.apache.hadoop.hbase.client.MasterCallable.prepare(MasterCallable.java:57)
	at org.apache.hadoop.hbase.client.RpcRetryingCallerImpl.callWithRetries(RpcRetryingCallerImpl.java:105)
	at org.apache.hadoop.hbase.client.HBaseAdmin.executeCallable(HBaseAdmin.java:3133)
	at org.apache.hadoop.hbase.client.HBaseAdmin.executeCallable(HBaseAdmin.java:3125)
	at org.apache.hadoop.hbase.client.HBaseAdmin.createNamespaceAsync(HBaseAdmin.java:2223)
	at org.apache.hadoop.hbase.client.HBaseAdmin.createNamespace(HBaseAdmin.java:2216)
	at db.HBaseHelper.newNamespace(HBaseHelper.java:83)
	at db.HBaseHelper.initNamespace(HBaseHelper.java:76)
	at expt.Exp1.main(Exp1.java:15)
2019-11-20 19:29:19 下午 [Thread: main][ Class:org.apache.hadoop.hbase.client.ConnectionUtils >> Method: org.apache.hadoop.hbase.client.ConnectionUtils.getStubKey(ConnectionUtils.java:245) ]
WARN:Can not resolve myhbase, please check your network
java.net.UnknownHostException: myhbase
	at java.net.InetAddress.getAllByName0(InetAddress.java:1280)
	at java.net.InetAddress.getAllByName(InetAddress.java:1192)
	at java.net.InetAddress.getAllByName(InetAddress.java:1126)
	at java.net.InetAddress.getByName(InetAddress.java:1076)
	at org.apache.hadoop.hbase.client.ConnectionUtils.getStubKey(ConnectionUtils.java:242)
	at org.apache.hadoop.hbase.client.ConnectionImplementation$MasterServiceStubMaker.makeStubNoRetries(ConnectionImplementation.java:1172)
	at org.apache.hadoop.hbase.client.ConnectionImplementation$MasterServiceStubMaker.makeStub(ConnectionImplementation.java:1194)
	at org.apache.hadoop.hbase.client.ConnectionImplementation.getKeepAliveMasterService(ConnectionImplementation.java:1259)
	at org.apache.hadoop.hbase.client.ConnectionImplementation.getMaster(ConnectionImplementation.java:1248)
	at org.apache.hadoop.hbase.client.MasterCallable.prepare(MasterCallable.java:57)
	at org.apache.hadoop.hbase.client.RpcRetryingCallerImpl.callWithRetries(RpcRetryingCallerImpl.java:105)
	at org.apache.hadoop.hbase.client.HBaseAdmin.executeCallable(HBaseAdmin.java:3133)
	at org.apache.hadoop.hbase.client.HBaseAdmin.executeCallable(HBaseAdmin.java:3125)
	at org.apache.hadoop.hbase.client.HBaseAdmin.createNamespaceAsync(HBaseAdmin.java:2223)
	at org.apache.hadoop.hbase.client.HBaseAdmin.createNamespace(HBaseAdmin.java:2216)
	at db.HBaseHelper.newNamespace(HBaseHelper.java:83)
	at db.HBaseHelper.initNamespace(HBaseHelper.java:76)
	at expt.Exp1.main(Exp1.java:15)
2019-11-20 19:29:19 下午 [Thread: main][ Class:org.apache.hadoop.hbase.client.ConnectionUtils >> Method: org.apache.hadoop.hbase.client.ConnectionUtils.getStubKey(ConnectionUtils.java:245) ]
WARN:Can not resolve myhbase, please check your network
java.net.UnknownHostException: myhbase
	at java.net.InetAddress.getAllByName0(InetAddress.java:1280)
	at java.net.InetAddress.getAllByName(InetAddress.java:1192)
	at java.net.InetAddress.getAllByName(InetAddress.java:1126)
	at java.net.InetAddress.getByName(InetAddress.java:1076)
	at org.apache.hadoop.hbase.client.ConnectionUtils.getStubKey(ConnectionUtils.java:242)
	at org.apache.hadoop.hbase.client.ConnectionImplementation$MasterServiceStubMaker.makeStubNoRetries(ConnectionImplementation.java:1172)
	at org.apache.hadoop.hbase.client.ConnectionImplementation$MasterServiceStubMaker.makeStub(ConnectionImplementation.java:1194)
	at org.apache.hadoop.hbase.client.ConnectionImplementation.getKeepAliveMasterService(ConnectionImplementation.java:1259)
	at org.apache.hadoop.hbase.client.ConnectionImplementation.getMaster(ConnectionImplementation.java:1248)
	at org.apache.hadoop.hbase.client.MasterCallable.prepare(MasterCallable.java:57)
	at org.apache.hadoop.hbase.client.RpcRetryingCallerImpl.callWithRetries(RpcRetryingCallerImpl.java:105)
	at org.apache.hadoop.hbase.client.HBaseAdmin.executeCallable(HBaseAdmin.java:3133)
	at org.apache.hadoop.hbase.client.HBaseAdmin.executeCallable(HBaseAdmin.java:3125)
	at org.apache.hadoop.hbase.client.HBaseAdmin.createNamespaceAsync(HBaseAdmin.java:2223)
	at org.apache.hadoop.hbase.client.HBaseAdmin.createNamespace(HBaseAdmin.java:2216)
	at db.HBaseHelper.newNamespace(HBaseHelper.java:83)
	at db.HBaseHelper.initNamespace(HBaseHelper.java:76)
	at expt.Exp1.main(Exp1.java:15)
2019-11-20 19:29:19 下午 [Thread: main][ Class:org.apache.hadoop.hbase.client.ConnectionUtils >> Method: org.apache.hadoop.hbase.client.ConnectionUtils.getStubKey(ConnectionUtils.java:245) ]
WARN:Can not resolve myhbase, please check your network
java.net.UnknownHostException: myhbase
	at java.net.InetAddress.getAllByName0(InetAddress.java:1280)
	at java.net.InetAddress.getAllByName(InetAddress.java:1192)
	at java.net.InetAddress.getAllByName(InetAddress.java:1126)
	at java.net.InetAddress.getByName(InetAddress.java:1076)
	at org.apache.hadoop.hbase.client.ConnectionUtils.getStubKey(ConnectionUtils.java:242)
	at org.apache.hadoop.hbase.client.ConnectionImplementation$MasterServiceStubMaker.makeStubNoRetries(ConnectionImplementation.java:1172)
	at org.apache.hadoop.hbase.client.ConnectionImplementation$MasterServiceStubMaker.makeStub(ConnectionImplementation.java:1194)
	at org.apache.hadoop.hbase.client.ConnectionImplementation.getKeepAliveMasterService(ConnectionImplementation.java:1259)
	at org.apache.hadoop.hbase.client.ConnectionImplementation.getMaster(ConnectionImplementation.java:1248)
	at org.apache.hadoop.hbase.client.MasterCallable.prepare(MasterCallable.java:57)
	at org.apache.hadoop.hbase.client.RpcRetryingCallerImpl.callWithRetries(RpcRetryingCallerImpl.java:105)
	at org.apache.hadoop.hbase.client.HBaseAdmin.executeCallable(HBaseAdmin.java:3133)
	at org.apache.hadoop.hbase.client.HBaseAdmin.executeCallable(HBaseAdmin.java:3125)
	at org.apache.hadoop.hbase.client.HBaseAdmin.createNamespaceAsync(HBaseAdmin.java:2223)
	at org.apache.hadoop.hbase.client.HBaseAdmin.createNamespace(HBaseAdmin.java:2216)
	at db.HBaseHelper.newNamespace(HBaseHelper.java:83)
	at db.HBaseHelper.initNamespace(HBaseHelper.java:76)
	at expt.Exp1.main(Exp1.java:15)
2019-11-20 19:29:20 下午 [Thread: main][ Class:org.apache.hadoop.hbase.client.ConnectionUtils >> Method: org.apache.hadoop.hbase.client.ConnectionUtils.getStubKey(ConnectionUtils.java:245) ]
WARN:Can not resolve myhbase, please check your network
java.net.UnknownHostException: myhbase
	at java.net.InetAddress.getAllByName0(InetAddress.java:1280)
	at java.net.InetAddress.getAllByName(InetAddress.java:1192)
	at java.net.InetAddress.getAllByName(InetAddress.java:1126)
	at java.net.InetAddress.getByName(InetAddress.java:1076)
	at org.apache.hadoop.hbase.client.ConnectionUtils.getStubKey(ConnectionUtils.java:242)
	at org.apache.hadoop.hbase.client.ConnectionImplementation$MasterServiceStubMaker.makeStubNoRetries(ConnectionImplementation.java:1172)
	at org.apache.hadoop.hbase.client.ConnectionImplementation$MasterServiceStubMaker.makeStub(ConnectionImplementation.java:1194)
	at org.apache.hadoop.hbase.client.ConnectionImplementation.getKeepAliveMasterService(ConnectionImplementation.java:1259)
	at org.apache.hadoop.hbase.client.ConnectionImplementation.getMaster(ConnectionImplementation.java:1248)
	at org.apache.hadoop.hbase.client.MasterCallable.prepare(MasterCallable.java:57)
	at org.apache.hadoop.hbase.client.RpcRetryingCallerImpl.callWithRetries(RpcRetryingCallerImpl.java:105)
	at org.apache.hadoop.hbase.client.HBaseAdmin.executeCallable(HBaseAdmin.java:3133)
	at org.apache.hadoop.hbase.client.HBaseAdmin.executeCallable(HBaseAdmin.java:3125)
	at org.apache.hadoop.hbase.client.HBaseAdmin.createNamespaceAsync(HBaseAdmin.java:2223)
	at org.apache.hadoop.hbase.client.HBaseAdmin.createNamespace(HBaseAdmin.java:2216)
	at db.HBaseHelper.newNamespace(HBaseHelper.java:83)
	at db.HBaseHelper.initNamespace(HBaseHelper.java:76)
	at expt.Exp1.main(Exp1.java:15)
2019-11-20 19:29:21 下午 [Thread: main][ Class:org.apache.hadoop.hbase.client.ConnectionUtils >> Method: org.apache.hadoop.hbase.client.ConnectionUtils.getStubKey(ConnectionUtils.java:245) ]
WARN:Can not resolve myhbase, please check your network
java.net.UnknownHostException: myhbase
	at java.net.InetAddress.getAllByName0(InetAddress.java:1280)
	at java.net.InetAddress.getAllByName(InetAddress.java:1192)
	at java.net.InetAddress.getAllByName(InetAddress.java:1126)
	at java.net.InetAddress.getByName(InetAddress.java:1076)
	at org.apache.hadoop.hbase.client.ConnectionUtils.getStubKey(ConnectionUtils.java:242)
	at org.apache.hadoop.hbase.client.ConnectionImplementation$MasterServiceStubMaker.makeStubNoRetries(ConnectionImplementation.java:1172)
	at org.apache.hadoop.hbase.client.ConnectionImplementation$MasterServiceStubMaker.makeStub(ConnectionImplementation.java:1194)
	at org.apache.hadoop.hbase.client.ConnectionImplementation.getKeepAliveMasterService(ConnectionImplementation.java:1259)
	at org.apache.hadoop.hbase.client.ConnectionImplementation.getMaster(ConnectionImplementation.java:1248)
	at org.apache.hadoop.hbase.client.MasterCallable.prepare(MasterCallable.java:57)
	at org.apache.hadoop.hbase.client.RpcRetryingCallerImpl.callWithRetries(RpcRetryingCallerImpl.java:105)
	at org.apache.hadoop.hbase.client.HBaseAdmin.executeCallable(HBaseAdmin.java:3133)
	at org.apache.hadoop.hbase.client.HBaseAdmin.executeCallable(HBaseAdmin.java:3125)
	at org.apache.hadoop.hbase.client.HBaseAdmin.createNamespaceAsync(HBaseAdmin.java:2223)
	at org.apache.hadoop.hbase.client.HBaseAdmin.createNamespace(HBaseAdmin.java:2216)
	at db.HBaseHelper.newNamespace(HBaseHelper.java:83)
	at db.HBaseHelper.initNamespace(HBaseHelper.java:76)
	at expt.Exp1.main(Exp1.java:15)
2019-11-20 19:29:23 下午 [Thread: main][ Class:org.apache.hadoop.hbase.client.ConnectionUtils >> Method: org.apache.hadoop.hbase.client.ConnectionUtils.getStubKey(ConnectionUtils.java:245) ]
WARN:Can not resolve myhbase, please check your network
java.net.UnknownHostException: myhbase
	at java.net.InetAddress.getAllByName0(InetAddress.java:1280)
	at java.net.InetAddress.getAllByName(InetAddress.java:1192)
	at java.net.InetAddress.getAllByName(InetAddress.java:1126)
	at java.net.InetAddress.getByName(InetAddress.java:1076)
	at org.apache.hadoop.hbase.client.ConnectionUtils.getStubKey(ConnectionUtils.java:242)
	at org.apache.hadoop.hbase.client.ConnectionImplementation$MasterServiceStubMaker.makeStubNoRetries(ConnectionImplementation.java:1172)
	at org.apache.hadoop.hbase.client.ConnectionImplementation$MasterServiceStubMaker.makeStub(ConnectionImplementation.java:1194)
	at org.apache.hadoop.hbase.client.ConnectionImplementation.getKeepAliveMasterService(ConnectionImplementation.java:1259)
	at org.apache.hadoop.hbase.client.ConnectionImplementation.getMaster(ConnectionImplementation.java:1248)
	at org.apache.hadoop.hbase.client.MasterCallable.prepare(MasterCallable.java:57)
	at org.apache.hadoop.hbase.client.RpcRetryingCallerImpl.callWithRetries(RpcRetryingCallerImpl.java:105)
	at org.apache.hadoop.hbase.client.HBaseAdmin.executeCallable(HBaseAdmin.java:3133)
	at org.apache.hadoop.hbase.client.HBaseAdmin.executeCallable(HBaseAdmin.java:3125)
	at org.apache.hadoop.hbase.client.HBaseAdmin.createNamespaceAsync(HBaseAdmin.java:2223)
	at org.apache.hadoop.hbase.client.HBaseAdmin.createNamespace(HBaseAdmin.java:2216)
	at db.HBaseHelper.newNamespace(HBaseHelper.java:83)
	at db.HBaseHelper.initNamespace(HBaseHelper.java:76)
	at expt.Exp1.main(Exp1.java:15)
2019-11-20 19:29:27 下午 [Thread: main][ Class:org.apache.hadoop.hbase.client.ConnectionUtils >> Method: org.apache.hadoop.hbase.client.ConnectionUtils.getStubKey(ConnectionUtils.java:245) ]
WARN:Can not resolve myhbase, please check your network
java.net.UnknownHostException: myhbase
	at java.net.InetAddress.getAllByName0(InetAddress.java:1280)
	at java.net.InetAddress.getAllByName(InetAddress.java:1192)
	at java.net.InetAddress.getAllByName(InetAddress.java:1126)
	at java.net.InetAddress.getByName(InetAddress.java:1076)
	at org.apache.hadoop.hbase.client.ConnectionUtils.getStubKey(ConnectionUtils.java:242)
	at org.apache.hadoop.hbase.client.ConnectionImplementation$MasterServiceStubMaker.makeStubNoRetries(ConnectionImplementation.java:1172)
	at org.apache.hadoop.hbase.client.ConnectionImplementation$MasterServiceStubMaker.makeStub(ConnectionImplementation.java:1194)
	at org.apache.hadoop.hbase.client.ConnectionImplementation.getKeepAliveMasterService(ConnectionImplementation.java:1259)
	at org.apache.hadoop.hbase.client.ConnectionImplementation.getMaster(ConnectionImplementation.java:1248)
	at org.apache.hadoop.hbase.client.MasterCallable.prepare(MasterCallable.java:57)
	at org.apache.hadoop.hbase.client.RpcRetryingCallerImpl.callWithRetries(RpcRetryingCallerImpl.java:105)
	at org.apache.hadoop.hbase.client.HBaseAdmin.executeCallable(HBaseAdmin.java:3133)
	at org.apache.hadoop.hbase.client.HBaseAdmin.executeCallable(HBaseAdmin.java:3125)
	at org.apache.hadoop.hbase.client.HBaseAdmin.createNamespaceAsync(HBaseAdmin.java:2223)
	at org.apache.hadoop.hbase.client.HBaseAdmin.createNamespace(HBaseAdmin.java:2216)
	at db.HBaseHelper.newNamespace(HBaseHelper.java:83)
	at db.HBaseHelper.initNamespace(HBaseHelper.java:76)
	at expt.Exp1.main(Exp1.java:15)
2019-11-20 19:29:48 下午 [Thread: main][ Class:org.apache.hadoop.hbase.client.ConnectionUtils >> Method: org.apache.hadoop.hbase.client.ConnectionUtils.getStubKey(ConnectionUtils.java:245) ]
WARN:Can not resolve myhbase, please check your network
java.net.UnknownHostException: myhbase
	at java.net.Inet6AddressImpl.lookupAllHostAddr(Native Method)
	at java.net.InetAddress$2.lookupAllHostAddr(InetAddress.java:928)
	at java.net.InetAddress.getAddressesFromNameService(InetAddress.java:1323)
	at java.net.InetAddress.getAllByName0(InetAddress.java:1276)
	at java.net.InetAddress.getAllByName(InetAddress.java:1192)
	at java.net.InetAddress.getAllByName(InetAddress.java:1126)
	at java.net.InetAddress.getByName(InetAddress.java:1076)
	at org.apache.hadoop.hbase.client.ConnectionUtils.getStubKey(ConnectionUtils.java:242)
	at org.apache.hadoop.hbase.client.ConnectionImplementation$MasterServiceStubMaker.makeStubNoRetries(ConnectionImplementation.java:1172)
	at org.apache.hadoop.hbase.client.ConnectionImplementation$MasterServiceStubMaker.makeStub(ConnectionImplementation.java:1194)
	at org.apache.hadoop.hbase.client.ConnectionImplementation.getKeepAliveMasterService(ConnectionImplementation.java:1259)
	at org.apache.hadoop.hbase.client.ConnectionImplementation.getMaster(ConnectionImplementation.java:1248)
	at org.apache.hadoop.hbase.client.MasterCallable.prepare(MasterCallable.java:57)
	at org.apache.hadoop.hbase.client.RpcRetryingCallerImpl.callWithRetries(RpcRetryingCallerImpl.java:105)
	at org.apache.hadoop.hbase.client.HBaseAdmin.executeCallable(HBaseAdmin.java:3133)
	at org.apache.hadoop.hbase.client.HBaseAdmin.executeCallable(HBaseAdmin.java:3125)
	at org.apache.hadoop.hbase.client.HBaseAdmin.createNamespaceAsync(HBaseAdmin.java:2223)
	at org.apache.hadoop.hbase.client.HBaseAdmin.createNamespace(HBaseAdmin.java:2216)
	at db.HBaseHelper.newNamespace(HBaseHelper.java:83)
	at db.HBaseHelper.initNamespace(HBaseHelper.java:76)
	at expt.Exp1.main(Exp1.java:15)
2019-11-20 19:30:00 下午 [Thread: main][ Class:org.apache.hadoop.hbase.client.ConnectionUtils >> Method: org.apache.hadoop.hbase.client.ConnectionUtils.getStubKey(ConnectionUtils.java:245) ]
WARN:Can not resolve myhbase, please check your network
java.net.UnknownHostException: myhbase
	at java.net.Inet6AddressImpl.lookupAllHostAddr(Native Method)
	at java.net.InetAddress$2.lookupAllHostAddr(InetAddress.java:928)
	at java.net.InetAddress.getAddressesFromNameService(InetAddress.java:1323)
	at java.net.InetAddress.getAllByName0(InetAddress.java:1276)
	at java.net.InetAddress.getAllByName(InetAddress.java:1192)
	at java.net.InetAddress.getAllByName(InetAddress.java:1126)
	at java.net.InetAddress.getByName(InetAddress.java:1076)
	at org.apache.hadoop.hbase.client.ConnectionUtils.getStubKey(ConnectionUtils.java:242)
	at org.apache.hadoop.hbase.client.ConnectionImplementation$MasterServiceStubMaker.makeStubNoRetries(ConnectionImplementation.java:1172)
	at org.apache.hadoop.hbase.client.ConnectionImplementation$MasterServiceStubMaker.makeStub(ConnectionImplementation.java:1194)
	at org.apache.hadoop.hbase.client.ConnectionImplementation.getKeepAliveMasterService(ConnectionImplementation.java:1259)
	at org.apache.hadoop.hbase.client.ConnectionImplementation.getMaster(ConnectionImplementation.java:1248)
	at org.apache.hadoop.hbase.client.MasterCallable.prepare(MasterCallable.java:57)
	at org.apache.hadoop.hbase.client.RpcRetryingCallerImpl.callWithRetries(RpcRetryingCallerImpl.java:105)
	at org.apache.hadoop.hbase.client.HBaseAdmin.executeCallable(HBaseAdmin.java:3133)
	at org.apache.hadoop.hbase.client.HBaseAdmin.executeCallable(HBaseAdmin.java:3125)
	at org.apache.hadoop.hbase.client.HBaseAdmin.createNamespaceAsync(HBaseAdmin.java:2223)
	at org.apache.hadoop.hbase.client.HBaseAdmin.createNamespace(HBaseAdmin.java:2216)
	at db.HBaseHelper.newNamespace(HBaseHelper.java:83)
	at db.HBaseHelper.initNamespace(HBaseHelper.java:76)
	at expt.Exp1.main(Exp1.java:15)
2019-11-20 19:30:22 下午 [Thread: main][ Class:org.apache.hadoop.hbase.client.ConnectionUtils >> Method: org.apache.hadoop.hbase.client.ConnectionUtils.getStubKey(ConnectionUtils.java:245) ]
WARN:Can not resolve myhbase, please check your network
java.net.UnknownHostException: myhbase
	at java.net.Inet6AddressImpl.lookupAllHostAddr(Native Method)
	at java.net.InetAddress$2.lookupAllHostAddr(InetAddress.java:928)
	at java.net.InetAddress.getAddressesFromNameService(InetAddress.java:1323)
	at java.net.InetAddress.getAllByName0(InetAddress.java:1276)
	at java.net.InetAddress.getAllByName(InetAddress.java:1192)
	at java.net.InetAddress.getAllByName(InetAddress.java:1126)
	at java.net.InetAddress.getByName(InetAddress.java:1076)
	at org.apache.hadoop.hbase.client.ConnectionUtils.getStubKey(ConnectionUtils.java:242)
	at org.apache.hadoop.hbase.client.ConnectionImplementation$MasterServiceStubMaker.makeStubNoRetries(ConnectionImplementation.java:1172)
	at org.apache.hadoop.hbase.client.ConnectionImplementation$MasterServiceStubMaker.makeStub(ConnectionImplementation.java:1194)
	at org.apache.hadoop.hbase.client.ConnectionImplementation.getKeepAliveMasterService(ConnectionImplementation.java:1259)
	at org.apache.hadoop.hbase.client.ConnectionImplementation.getMaster(ConnectionImplementation.java:1248)
	at org.apache.hadoop.hbase.client.MasterCallable.prepare(MasterCallable.java:57)
	at org.apache.hadoop.hbase.client.RpcRetryingCallerImpl.callWithRetries(RpcRetryingCallerImpl.java:105)
	at org.apache.hadoop.hbase.client.HBaseAdmin.executeCallable(HBaseAdmin.java:3133)
	at org.apache.hadoop.hbase.client.HBaseAdmin.executeCallable(HBaseAdmin.java:3125)
	at org.apache.hadoop.hbase.client.HBaseAdmin.createNamespaceAsync(HBaseAdmin.java:2223)
	at org.apache.hadoop.hbase.client.HBaseAdmin.createNamespace(HBaseAdmin.java:2216)
	at db.HBaseHelper.newNamespace(HBaseHelper.java:83)
	at db.HBaseHelper.initNamespace(HBaseHelper.java:76)
	at expt.Exp1.main(Exp1.java:15)
2019-11-20 19:32:12 下午 [Thread: main][ Class:org.apache.hadoop.hbase.client.ConnectionUtils >> Method: org.apache.hadoop.hbase.client.ConnectionUtils.getStubKey(ConnectionUtils.java:245) ]
WARN:Can not resolve myhbase, please check your network
java.net.UnknownHostException: myhbase
	at java.net.Inet6AddressImpl.lookupAllHostAddr(Native Method)
	at java.net.InetAddress$2.lookupAllHostAddr(InetAddress.java:928)
	at java.net.InetAddress.getAddressesFromNameService(InetAddress.java:1323)
	at java.net.InetAddress.getAllByName0(InetAddress.java:1276)
	at java.net.InetAddress.getAllByName(InetAddress.java:1192)
	at java.net.InetAddress.getAllByName(InetAddress.java:1126)
	at java.net.InetAddress.getByName(InetAddress.java:1076)
	at org.apache.hadoop.hbase.client.ConnectionUtils.getStubKey(ConnectionUtils.java:242)
	at org.apache.hadoop.hbase.client.ConnectionImplementation$MasterServiceStubMaker.makeStubNoRetries(ConnectionImplementation.java:1172)
	at org.apache.hadoop.hbase.client.ConnectionImplementation$MasterServiceStubMaker.makeStub(ConnectionImplementation.java:1194)
	at org.apache.hadoop.hbase.client.ConnectionImplementation.getKeepAliveMasterService(ConnectionImplementation.java:1259)
	at org.apache.hadoop.hbase.client.ConnectionImplementation.getMaster(ConnectionImplementation.java:1248)
	at org.apache.hadoop.hbase.client.MasterCallable.prepare(MasterCallable.java:57)
	at org.apache.hadoop.hbase.client.RpcRetryingCallerImpl.callWithRetries(RpcRetryingCallerImpl.java:105)
	at org.apache.hadoop.hbase.client.HBaseAdmin.executeCallable(HBaseAdmin.java:3133)
	at org.apache.hadoop.hbase.client.HBaseAdmin.executeCallable(HBaseAdmin.java:3125)
	at org.apache.hadoop.hbase.client.HBaseAdmin.createNamespaceAsync(HBaseAdmin.java:2223)
	at org.apache.hadoop.hbase.client.HBaseAdmin.createNamespace(HBaseAdmin.java:2216)
	at db.HBaseHelper.newNamespace(HBaseHelper.java:85)
	at db.HBaseHelper.initNamespace(HBaseHelper.java:78)
	at expt.Exp1.main(Exp1.java:15)
2019-11-20 19:32:12 下午 [Thread: main][ Class:org.apache.hadoop.hbase.client.ConnectionUtils >> Method: org.apache.hadoop.hbase.client.ConnectionUtils.getStubKey(ConnectionUtils.java:245) ]
WARN:Can not resolve myhbase, please check your network
java.net.UnknownHostException: myhbase
	at java.net.InetAddress.getAllByName0(InetAddress.java:1280)
	at java.net.InetAddress.getAllByName(InetAddress.java:1192)
	at java.net.InetAddress.getAllByName(InetAddress.java:1126)
	at java.net.InetAddress.getByName(InetAddress.java:1076)
	at org.apache.hadoop.hbase.client.ConnectionUtils.getStubKey(ConnectionUtils.java:242)
	at org.apache.hadoop.hbase.client.ConnectionImplementation$MasterServiceStubMaker.makeStubNoRetries(ConnectionImplementation.java:1172)
	at org.apache.hadoop.hbase.client.ConnectionImplementation$MasterServiceStubMaker.makeStub(ConnectionImplementation.java:1194)
	at org.apache.hadoop.hbase.client.ConnectionImplementation.getKeepAliveMasterService(ConnectionImplementation.java:1259)
	at org.apache.hadoop.hbase.client.ConnectionImplementation.getMaster(ConnectionImplementation.java:1248)
	at org.apache.hadoop.hbase.client.MasterCallable.prepare(MasterCallable.java:57)
	at org.apache.hadoop.hbase.client.RpcRetryingCallerImpl.callWithRetries(RpcRetryingCallerImpl.java:105)
	at org.apache.hadoop.hbase.client.HBaseAdmin.executeCallable(HBaseAdmin.java:3133)
	at org.apache.hadoop.hbase.client.HBaseAdmin.executeCallable(HBaseAdmin.java:3125)
	at org.apache.hadoop.hbase.client.HBaseAdmin.createNamespaceAsync(HBaseAdmin.java:2223)
	at org.apache.hadoop.hbase.client.HBaseAdmin.createNamespace(HBaseAdmin.java:2216)
	at db.HBaseHelper.newNamespace(HBaseHelper.java:85)
	at db.HBaseHelper.initNamespace(HBaseHelper.java:78)
	at expt.Exp1.main(Exp1.java:15)
2019-11-20 19:32:13 下午 [Thread: main][ Class:org.apache.hadoop.hbase.client.ConnectionUtils >> Method: org.apache.hadoop.hbase.client.ConnectionUtils.getStubKey(ConnectionUtils.java:245) ]
WARN:Can not resolve myhbase, please check your network
java.net.UnknownHostException: myhbase
	at java.net.InetAddress.getAllByName0(InetAddress.java:1280)
	at java.net.InetAddress.getAllByName(InetAddress.java:1192)
	at java.net.InetAddress.getAllByName(InetAddress.java:1126)
	at java.net.InetAddress.getByName(InetAddress.java:1076)
	at org.apache.hadoop.hbase.client.ConnectionUtils.getStubKey(ConnectionUtils.java:242)
	at org.apache.hadoop.hbase.client.ConnectionImplementation$MasterServiceStubMaker.makeStubNoRetries(ConnectionImplementation.java:1172)
	at org.apache.hadoop.hbase.client.ConnectionImplementation$MasterServiceStubMaker.makeStub(ConnectionImplementation.java:1194)
	at org.apache.hadoop.hbase.client.ConnectionImplementation.getKeepAliveMasterService(ConnectionImplementation.java:1259)
	at org.apache.hadoop.hbase.client.ConnectionImplementation.getMaster(ConnectionImplementation.java:1248)
	at org.apache.hadoop.hbase.client.MasterCallable.prepare(MasterCallable.java:57)
	at org.apache.hadoop.hbase.client.RpcRetryingCallerImpl.callWithRetries(RpcRetryingCallerImpl.java:105)
	at org.apache.hadoop.hbase.client.HBaseAdmin.executeCallable(HBaseAdmin.java:3133)
	at org.apache.hadoop.hbase.client.HBaseAdmin.executeCallable(HBaseAdmin.java:3125)
	at org.apache.hadoop.hbase.client.HBaseAdmin.createNamespaceAsync(HBaseAdmin.java:2223)
	at org.apache.hadoop.hbase.client.HBaseAdmin.createNamespace(HBaseAdmin.java:2216)
	at db.HBaseHelper.newNamespace(HBaseHelper.java:85)
	at db.HBaseHelper.initNamespace(HBaseHelper.java:78)
	at expt.Exp1.main(Exp1.java:15)
2019-11-20 19:32:13 下午 [Thread: main][ Class:org.apache.hadoop.hbase.client.ConnectionUtils >> Method: org.apache.hadoop.hbase.client.ConnectionUtils.getStubKey(ConnectionUtils.java:245) ]
WARN:Can not resolve myhbase, please check your network
java.net.UnknownHostException: myhbase
	at java.net.InetAddress.getAllByName0(InetAddress.java:1280)
	at java.net.InetAddress.getAllByName(InetAddress.java:1192)
	at java.net.InetAddress.getAllByName(InetAddress.java:1126)
	at java.net.InetAddress.getByName(InetAddress.java:1076)
	at org.apache.hadoop.hbase.client.ConnectionUtils.getStubKey(ConnectionUtils.java:242)
	at org.apache.hadoop.hbase.client.ConnectionImplementation$MasterServiceStubMaker.makeStubNoRetries(ConnectionImplementation.java:1172)
	at org.apache.hadoop.hbase.client.ConnectionImplementation$MasterServiceStubMaker.makeStub(ConnectionImplementation.java:1194)
	at org.apache.hadoop.hbase.client.ConnectionImplementation.getKeepAliveMasterService(ConnectionImplementation.java:1259)
	at org.apache.hadoop.hbase.client.ConnectionImplementation.getMaster(ConnectionImplementation.java:1248)
	at org.apache.hadoop.hbase.client.MasterCallable.prepare(MasterCallable.java:57)
	at org.apache.hadoop.hbase.client.RpcRetryingCallerImpl.callWithRetries(RpcRetryingCallerImpl.java:105)
	at org.apache.hadoop.hbase.client.HBaseAdmin.executeCallable(HBaseAdmin.java:3133)
	at org.apache.hadoop.hbase.client.HBaseAdmin.executeCallable(HBaseAdmin.java:3125)
	at org.apache.hadoop.hbase.client.HBaseAdmin.createNamespaceAsync(HBaseAdmin.java:2223)
	at org.apache.hadoop.hbase.client.HBaseAdmin.createNamespace(HBaseAdmin.java:2216)
	at db.HBaseHelper.newNamespace(HBaseHelper.java:85)
	at db.HBaseHelper.initNamespace(HBaseHelper.java:78)
	at expt.Exp1.main(Exp1.java:15)
2019-11-20 19:32:13 下午 [Thread: main][ Class:org.apache.hadoop.hbase.client.ConnectionUtils >> Method: org.apache.hadoop.hbase.client.ConnectionUtils.getStubKey(ConnectionUtils.java:245) ]
WARN:Can not resolve myhbase, please check your network
java.net.UnknownHostException: myhbase
	at java.net.InetAddress.getAllByName0(InetAddress.java:1280)
	at java.net.InetAddress.getAllByName(InetAddress.java:1192)
	at java.net.InetAddress.getAllByName(InetAddress.java:1126)
	at java.net.InetAddress.getByName(InetAddress.java:1076)
	at org.apache.hadoop.hbase.client.ConnectionUtils.getStubKey(ConnectionUtils.java:242)
	at org.apache.hadoop.hbase.client.ConnectionImplementation$MasterServiceStubMaker.makeStubNoRetries(ConnectionImplementation.java:1172)
	at org.apache.hadoop.hbase.client.ConnectionImplementation$MasterServiceStubMaker.makeStub(ConnectionImplementation.java:1194)
	at org.apache.hadoop.hbase.client.ConnectionImplementation.getKeepAliveMasterService(ConnectionImplementation.java:1259)
	at org.apache.hadoop.hbase.client.ConnectionImplementation.getMaster(ConnectionImplementation.java:1248)
	at org.apache.hadoop.hbase.client.MasterCallable.prepare(MasterCallable.java:57)
	at org.apache.hadoop.hbase.client.RpcRetryingCallerImpl.callWithRetries(RpcRetryingCallerImpl.java:105)
	at org.apache.hadoop.hbase.client.HBaseAdmin.executeCallable(HBaseAdmin.java:3133)
	at org.apache.hadoop.hbase.client.HBaseAdmin.executeCallable(HBaseAdmin.java:3125)
	at org.apache.hadoop.hbase.client.HBaseAdmin.createNamespaceAsync(HBaseAdmin.java:2223)
	at org.apache.hadoop.hbase.client.HBaseAdmin.createNamespace(HBaseAdmin.java:2216)
	at db.HBaseHelper.newNamespace(HBaseHelper.java:85)
	at db.HBaseHelper.initNamespace(HBaseHelper.java:78)
	at expt.Exp1.main(Exp1.java:15)
2019-11-20 19:32:14 下午 [Thread: main][ Class:org.apache.hadoop.hbase.client.ConnectionUtils >> Method: org.apache.hadoop.hbase.client.ConnectionUtils.getStubKey(ConnectionUtils.java:245) ]
WARN:Can not resolve myhbase, please check your network
java.net.UnknownHostException: myhbase
	at java.net.InetAddress.getAllByName0(InetAddress.java:1280)
	at java.net.InetAddress.getAllByName(InetAddress.java:1192)
	at java.net.InetAddress.getAllByName(InetAddress.java:1126)
	at java.net.InetAddress.getByName(InetAddress.java:1076)
	at org.apache.hadoop.hbase.client.ConnectionUtils.getStubKey(ConnectionUtils.java:242)
	at org.apache.hadoop.hbase.client.ConnectionImplementation$MasterServiceStubMaker.makeStubNoRetries(ConnectionImplementation.java:1172)
	at org.apache.hadoop.hbase.client.ConnectionImplementation$MasterServiceStubMaker.makeStub(ConnectionImplementation.java:1194)
	at org.apache.hadoop.hbase.client.ConnectionImplementation.getKeepAliveMasterService(ConnectionImplementation.java:1259)
	at org.apache.hadoop.hbase.client.ConnectionImplementation.getMaster(ConnectionImplementation.java:1248)
	at org.apache.hadoop.hbase.client.MasterCallable.prepare(MasterCallable.java:57)
	at org.apache.hadoop.hbase.client.RpcRetryingCallerImpl.callWithRetries(RpcRetryingCallerImpl.java:105)
	at org.apache.hadoop.hbase.client.HBaseAdmin.executeCallable(HBaseAdmin.java:3133)
	at org.apache.hadoop.hbase.client.HBaseAdmin.executeCallable(HBaseAdmin.java:3125)
	at org.apache.hadoop.hbase.client.HBaseAdmin.createNamespaceAsync(HBaseAdmin.java:2223)
	at org.apache.hadoop.hbase.client.HBaseAdmin.createNamespace(HBaseAdmin.java:2216)
	at db.HBaseHelper.newNamespace(HBaseHelper.java:85)
	at db.HBaseHelper.initNamespace(HBaseHelper.java:78)
	at expt.Exp1.main(Exp1.java:15)
2019-11-20 19:37:43 下午 [Thread: main][ Class:org.apache.hadoop.hbase.client.ConnectionUtils >> Method: org.apache.hadoop.hbase.client.ConnectionUtils.getStubKey(ConnectionUtils.java:245) ]
WARN:Can not resolve myhbase, please check your network
java.net.UnknownHostException: myhbase
	at java.net.Inet6AddressImpl.lookupAllHostAddr(Native Method)
	at java.net.InetAddress$2.lookupAllHostAddr(InetAddress.java:928)
	at java.net.InetAddress.getAddressesFromNameService(InetAddress.java:1323)
	at java.net.InetAddress.getAllByName0(InetAddress.java:1276)
	at java.net.InetAddress.getAllByName(InetAddress.java:1192)
	at java.net.InetAddress.getAllByName(InetAddress.java:1126)
	at java.net.InetAddress.getByName(InetAddress.java:1076)
	at org.apache.hadoop.hbase.client.ConnectionUtils.getStubKey(ConnectionUtils.java:242)
	at org.apache.hadoop.hbase.client.ConnectionImplementation$MasterServiceStubMaker.makeStubNoRetries(ConnectionImplementation.java:1172)
	at org.apache.hadoop.hbase.client.ConnectionImplementation$MasterServiceStubMaker.makeStub(ConnectionImplementation.java:1194)
	at org.apache.hadoop.hbase.client.ConnectionImplementation.getKeepAliveMasterService(ConnectionImplementation.java:1259)
	at org.apache.hadoop.hbase.client.ConnectionImplementation.getMaster(ConnectionImplementation.java:1248)
	at org.apache.hadoop.hbase.client.MasterCallable.prepare(MasterCallable.java:57)
	at org.apache.hadoop.hbase.client.RpcRetryingCallerImpl.callWithRetries(RpcRetryingCallerImpl.java:105)
	at org.apache.hadoop.hbase.client.HBaseAdmin.executeCallable(HBaseAdmin.java:3133)
	at org.apache.hadoop.hbase.client.HBaseAdmin.executeCallable(HBaseAdmin.java:3125)
	at org.apache.hadoop.hbase.client.HBaseAdmin.createNamespaceAsync(HBaseAdmin.java:2223)
	at org.apache.hadoop.hbase.client.HBaseAdmin.createNamespace(HBaseAdmin.java:2216)
	at db.HBaseHelper.newNamespace(HBaseHelper.java:85)
	at db.HBaseHelper.initNamespace(HBaseHelper.java:78)
	at expt.Exp1.main(Exp1.java:15)
2019-11-20 19:37:43 下午 [Thread: main][ Class:org.apache.hadoop.hbase.client.ConnectionUtils >> Method: org.apache.hadoop.hbase.client.ConnectionUtils.getStubKey(ConnectionUtils.java:245) ]
WARN:Can not resolve myhbase, please check your network
java.net.UnknownHostException: myhbase
	at java.net.InetAddress.getAllByName0(InetAddress.java:1280)
	at java.net.InetAddress.getAllByName(InetAddress.java:1192)
	at java.net.InetAddress.getAllByName(InetAddress.java:1126)
	at java.net.InetAddress.getByName(InetAddress.java:1076)
	at org.apache.hadoop.hbase.client.ConnectionUtils.getStubKey(ConnectionUtils.java:242)
	at org.apache.hadoop.hbase.client.ConnectionImplementation$MasterServiceStubMaker.makeStubNoRetries(ConnectionImplementation.java:1172)
	at org.apache.hadoop.hbase.client.ConnectionImplementation$MasterServiceStubMaker.makeStub(ConnectionImplementation.java:1194)
	at org.apache.hadoop.hbase.client.ConnectionImplementation.getKeepAliveMasterService(ConnectionImplementation.java:1259)
	at org.apache.hadoop.hbase.client.ConnectionImplementation.getMaster(ConnectionImplementation.java:1248)
	at org.apache.hadoop.hbase.client.MasterCallable.prepare(MasterCallable.java:57)
	at org.apache.hadoop.hbase.client.RpcRetryingCallerImpl.callWithRetries(RpcRetryingCallerImpl.java:105)
	at org.apache.hadoop.hbase.client.HBaseAdmin.executeCallable(HBaseAdmin.java:3133)
	at org.apache.hadoop.hbase.client.HBaseAdmin.executeCallable(HBaseAdmin.java:3125)
	at org.apache.hadoop.hbase.client.HBaseAdmin.createNamespaceAsync(HBaseAdmin.java:2223)
	at org.apache.hadoop.hbase.client.HBaseAdmin.createNamespace(HBaseAdmin.java:2216)
	at db.HBaseHelper.newNamespace(HBaseHelper.java:85)
	at db.HBaseHelper.initNamespace(HBaseHelper.java:78)
	at expt.Exp1.main(Exp1.java:15)
2019-11-20 19:37:43 下午 [Thread: main][ Class:org.apache.hadoop.hbase.client.ConnectionUtils >> Method: org.apache.hadoop.hbase.client.ConnectionUtils.getStubKey(ConnectionUtils.java:245) ]
WARN:Can not resolve myhbase, please check your network
java.net.UnknownHostException: myhbase
	at java.net.InetAddress.getAllByName0(InetAddress.java:1280)
	at java.net.InetAddress.getAllByName(InetAddress.java:1192)
	at java.net.InetAddress.getAllByName(InetAddress.java:1126)
	at java.net.InetAddress.getByName(InetAddress.java:1076)
	at org.apache.hadoop.hbase.client.ConnectionUtils.getStubKey(ConnectionUtils.java:242)
	at org.apache.hadoop.hbase.client.ConnectionImplementation$MasterServiceStubMaker.makeStubNoRetries(ConnectionImplementation.java:1172)
	at org.apache.hadoop.hbase.client.ConnectionImplementation$MasterServiceStubMaker.makeStub(ConnectionImplementation.java:1194)
	at org.apache.hadoop.hbase.client.ConnectionImplementation.getKeepAliveMasterService(ConnectionImplementation.java:1259)
	at org.apache.hadoop.hbase.client.ConnectionImplementation.getMaster(ConnectionImplementation.java:1248)
	at org.apache.hadoop.hbase.client.MasterCallable.prepare(MasterCallable.java:57)
	at org.apache.hadoop.hbase.client.RpcRetryingCallerImpl.callWithRetries(RpcRetryingCallerImpl.java:105)
	at org.apache.hadoop.hbase.client.HBaseAdmin.executeCallable(HBaseAdmin.java:3133)
	at org.apache.hadoop.hbase.client.HBaseAdmin.executeCallable(HBaseAdmin.java:3125)
	at org.apache.hadoop.hbase.client.HBaseAdmin.createNamespaceAsync(HBaseAdmin.java:2223)
	at org.apache.hadoop.hbase.client.HBaseAdmin.createNamespace(HBaseAdmin.java:2216)
	at db.HBaseHelper.newNamespace(HBaseHelper.java:85)
	at db.HBaseHelper.initNamespace(HBaseHelper.java:78)
	at expt.Exp1.main(Exp1.java:15)
2019-11-20 19:37:43 下午 [Thread: main][ Class:org.apache.hadoop.hbase.client.ConnectionUtils >> Method: org.apache.hadoop.hbase.client.ConnectionUtils.getStubKey(ConnectionUtils.java:245) ]
WARN:Can not resolve myhbase, please check your network
java.net.UnknownHostException: myhbase
	at java.net.InetAddress.getAllByName0(InetAddress.java:1280)
	at java.net.InetAddress.getAllByName(InetAddress.java:1192)
	at java.net.InetAddress.getAllByName(InetAddress.java:1126)
	at java.net.InetAddress.getByName(InetAddress.java:1076)
	at org.apache.hadoop.hbase.client.ConnectionUtils.getStubKey(ConnectionUtils.java:242)
	at org.apache.hadoop.hbase.client.ConnectionImplementation$MasterServiceStubMaker.makeStubNoRetries(ConnectionImplementation.java:1172)
	at org.apache.hadoop.hbase.client.ConnectionImplementation$MasterServiceStubMaker.makeStub(ConnectionImplementation.java:1194)
	at org.apache.hadoop.hbase.client.ConnectionImplementation.getKeepAliveMasterService(ConnectionImplementation.java:1259)
	at org.apache.hadoop.hbase.client.ConnectionImplementation.getMaster(ConnectionImplementation.java:1248)
	at org.apache.hadoop.hbase.client.MasterCallable.prepare(MasterCallable.java:57)
	at org.apache.hadoop.hbase.client.RpcRetryingCallerImpl.callWithRetries(RpcRetryingCallerImpl.java:105)
	at org.apache.hadoop.hbase.client.HBaseAdmin.executeCallable(HBaseAdmin.java:3133)
	at org.apache.hadoop.hbase.client.HBaseAdmin.executeCallable(HBaseAdmin.java:3125)
	at org.apache.hadoop.hbase.client.HBaseAdmin.createNamespaceAsync(HBaseAdmin.java:2223)
	at org.apache.hadoop.hbase.client.HBaseAdmin.createNamespace(HBaseAdmin.java:2216)
	at db.HBaseHelper.newNamespace(HBaseHelper.java:85)
	at db.HBaseHelper.initNamespace(HBaseHelper.java:78)
	at expt.Exp1.main(Exp1.java:15)
2019-11-20 19:37:44 下午 [Thread: main][ Class:org.apache.hadoop.hbase.client.ConnectionUtils >> Method: org.apache.hadoop.hbase.client.ConnectionUtils.getStubKey(ConnectionUtils.java:245) ]
WARN:Can not resolve myhbase, please check your network
java.net.UnknownHostException: myhbase
	at java.net.InetAddress.getAllByName0(InetAddress.java:1280)
	at java.net.InetAddress.getAllByName(InetAddress.java:1192)
	at java.net.InetAddress.getAllByName(InetAddress.java:1126)
	at java.net.InetAddress.getByName(InetAddress.java:1076)
	at org.apache.hadoop.hbase.client.ConnectionUtils.getStubKey(ConnectionUtils.java:242)
	at org.apache.hadoop.hbase.client.ConnectionImplementation$MasterServiceStubMaker.makeStubNoRetries(ConnectionImplementation.java:1172)
	at org.apache.hadoop.hbase.client.ConnectionImplementation$MasterServiceStubMaker.makeStub(ConnectionImplementation.java:1194)
	at org.apache.hadoop.hbase.client.ConnectionImplementation.getKeepAliveMasterService(ConnectionImplementation.java:1259)
	at org.apache.hadoop.hbase.client.ConnectionImplementation.getMaster(ConnectionImplementation.java:1248)
	at org.apache.hadoop.hbase.client.MasterCallable.prepare(MasterCallable.java:57)
	at org.apache.hadoop.hbase.client.RpcRetryingCallerImpl.callWithRetries(RpcRetryingCallerImpl.java:105)
	at org.apache.hadoop.hbase.client.HBaseAdmin.executeCallable(HBaseAdmin.java:3133)
	at org.apache.hadoop.hbase.client.HBaseAdmin.executeCallable(HBaseAdmin.java:3125)
	at org.apache.hadoop.hbase.client.HBaseAdmin.createNamespaceAsync(HBaseAdmin.java:2223)
	at org.apache.hadoop.hbase.client.HBaseAdmin.createNamespace(HBaseAdmin.java:2216)
	at db.HBaseHelper.newNamespace(HBaseHelper.java:85)
	at db.HBaseHelper.initNamespace(HBaseHelper.java:78)
	at expt.Exp1.main(Exp1.java:15)
2019-11-20 19:37:45 下午 [Thread: main][ Class:org.apache.hadoop.hbase.client.ConnectionUtils >> Method: org.apache.hadoop.hbase.client.ConnectionUtils.getStubKey(ConnectionUtils.java:245) ]
WARN:Can not resolve myhbase, please check your network
java.net.UnknownHostException: myhbase
	at java.net.InetAddress.getAllByName0(InetAddress.java:1280)
	at java.net.InetAddress.getAllByName(InetAddress.java:1192)
	at java.net.InetAddress.getAllByName(InetAddress.java:1126)
	at java.net.InetAddress.getByName(InetAddress.java:1076)
	at org.apache.hadoop.hbase.client.ConnectionUtils.getStubKey(ConnectionUtils.java:242)
	at org.apache.hadoop.hbase.client.ConnectionImplementation$MasterServiceStubMaker.makeStubNoRetries(ConnectionImplementation.java:1172)
	at org.apache.hadoop.hbase.client.ConnectionImplementation$MasterServiceStubMaker.makeStub(ConnectionImplementation.java:1194)
	at org.apache.hadoop.hbase.client.ConnectionImplementation.getKeepAliveMasterService(ConnectionImplementation.java:1259)
	at org.apache.hadoop.hbase.client.ConnectionImplementation.getMaster(ConnectionImplementation.java:1248)
	at org.apache.hadoop.hbase.client.MasterCallable.prepare(MasterCallable.java:57)
	at org.apache.hadoop.hbase.client.RpcRetryingCallerImpl.callWithRetries(RpcRetryingCallerImpl.java:105)
	at org.apache.hadoop.hbase.client.HBaseAdmin.executeCallable(HBaseAdmin.java:3133)
	at org.apache.hadoop.hbase.client.HBaseAdmin.executeCallable(HBaseAdmin.java:3125)
	at org.apache.hadoop.hbase.client.HBaseAdmin.createNamespaceAsync(HBaseAdmin.java:2223)
	at org.apache.hadoop.hbase.client.HBaseAdmin.createNamespace(HBaseAdmin.java:2216)
	at db.HBaseHelper.newNamespace(HBaseHelper.java:85)
	at db.HBaseHelper.initNamespace(HBaseHelper.java:78)
	at expt.Exp1.main(Exp1.java:15)
2019-11-20 19:38:18 下午 [Thread: main][ Class:org.apache.hadoop.hbase.client.ConnectionUtils >> Method: org.apache.hadoop.hbase.client.ConnectionUtils.getStubKey(ConnectionUtils.java:245) ]
WARN:Can not resolve myhbase, please check your network
java.net.UnknownHostException: myhbase
	at java.net.Inet6AddressImpl.lookupAllHostAddr(Native Method)
	at java.net.InetAddress$2.lookupAllHostAddr(InetAddress.java:928)
	at java.net.InetAddress.getAddressesFromNameService(InetAddress.java:1323)
	at java.net.InetAddress.getAllByName0(InetAddress.java:1276)
	at java.net.InetAddress.getAllByName(InetAddress.java:1192)
	at java.net.InetAddress.getAllByName(InetAddress.java:1126)
	at java.net.InetAddress.getByName(InetAddress.java:1076)
	at org.apache.hadoop.hbase.client.ConnectionUtils.getStubKey(ConnectionUtils.java:242)
	at org.apache.hadoop.hbase.client.ConnectionImplementation$MasterServiceStubMaker.makeStubNoRetries(ConnectionImplementation.java:1172)
	at org.apache.hadoop.hbase.client.ConnectionImplementation$MasterServiceStubMaker.makeStub(ConnectionImplementation.java:1194)
	at org.apache.hadoop.hbase.client.ConnectionImplementation.getKeepAliveMasterService(ConnectionImplementation.java:1259)
	at org.apache.hadoop.hbase.client.ConnectionImplementation.getMaster(ConnectionImplementation.java:1248)
	at org.apache.hadoop.hbase.client.MasterCallable.prepare(MasterCallable.java:57)
	at org.apache.hadoop.hbase.client.RpcRetryingCallerImpl.callWithRetries(RpcRetryingCallerImpl.java:105)
	at org.apache.hadoop.hbase.client.HBaseAdmin.executeCallable(HBaseAdmin.java:3133)
	at org.apache.hadoop.hbase.client.HBaseAdmin.executeCallable(HBaseAdmin.java:3125)
	at org.apache.hadoop.hbase.client.HBaseAdmin.createNamespaceAsync(HBaseAdmin.java:2223)
	at org.apache.hadoop.hbase.client.HBaseAdmin.createNamespace(HBaseAdmin.java:2216)
	at db.HBaseHelper.newNamespace(HBaseHelper.java:85)
	at db.HBaseHelper.initNamespace(HBaseHelper.java:78)
	at expt.Exp1.main(Exp1.java:15)
2019-11-20 19:38:18 下午 [Thread: main][ Class:org.apache.hadoop.hbase.client.ConnectionUtils >> Method: org.apache.hadoop.hbase.client.ConnectionUtils.getStubKey(ConnectionUtils.java:245) ]
WARN:Can not resolve myhbase, please check your network
java.net.UnknownHostException: myhbase
	at java.net.InetAddress.getAllByName0(InetAddress.java:1280)
	at java.net.InetAddress.getAllByName(InetAddress.java:1192)
	at java.net.InetAddress.getAllByName(InetAddress.java:1126)
	at java.net.InetAddress.getByName(InetAddress.java:1076)
	at org.apache.hadoop.hbase.client.ConnectionUtils.getStubKey(ConnectionUtils.java:242)
	at org.apache.hadoop.hbase.client.ConnectionImplementation$MasterServiceStubMaker.makeStubNoRetries(ConnectionImplementation.java:1172)
	at org.apache.hadoop.hbase.client.ConnectionImplementation$MasterServiceStubMaker.makeStub(ConnectionImplementation.java:1194)
	at org.apache.hadoop.hbase.client.ConnectionImplementation.getKeepAliveMasterService(ConnectionImplementation.java:1259)
	at org.apache.hadoop.hbase.client.ConnectionImplementation.getMaster(ConnectionImplementation.java:1248)
	at org.apache.hadoop.hbase.client.MasterCallable.prepare(MasterCallable.java:57)
	at org.apache.hadoop.hbase.client.RpcRetryingCallerImpl.callWithRetries(RpcRetryingCallerImpl.java:105)
	at org.apache.hadoop.hbase.client.HBaseAdmin.executeCallable(HBaseAdmin.java:3133)
	at org.apache.hadoop.hbase.client.HBaseAdmin.executeCallable(HBaseAdmin.java:3125)
	at org.apache.hadoop.hbase.client.HBaseAdmin.createNamespaceAsync(HBaseAdmin.java:2223)
	at org.apache.hadoop.hbase.client.HBaseAdmin.createNamespace(HBaseAdmin.java:2216)
	at db.HBaseHelper.newNamespace(HBaseHelper.java:85)
	at db.HBaseHelper.initNamespace(HBaseHelper.java:78)
	at expt.Exp1.main(Exp1.java:15)
2019-11-20 19:38:19 下午 [Thread: main][ Class:org.apache.hadoop.hbase.client.ConnectionUtils >> Method: org.apache.hadoop.hbase.client.ConnectionUtils.getStubKey(ConnectionUtils.java:245) ]
WARN:Can not resolve myhbase, please check your network
java.net.UnknownHostException: myhbase
	at java.net.InetAddress.getAllByName0(InetAddress.java:1280)
	at java.net.InetAddress.getAllByName(InetAddress.java:1192)
	at java.net.InetAddress.getAllByName(InetAddress.java:1126)
	at java.net.InetAddress.getByName(InetAddress.java:1076)
	at org.apache.hadoop.hbase.client.ConnectionUtils.getStubKey(ConnectionUtils.java:242)
	at org.apache.hadoop.hbase.client.ConnectionImplementation$MasterServiceStubMaker.makeStubNoRetries(ConnectionImplementation.java:1172)
	at org.apache.hadoop.hbase.client.ConnectionImplementation$MasterServiceStubMaker.makeStub(ConnectionImplementation.java:1194)
	at org.apache.hadoop.hbase.client.ConnectionImplementation.getKeepAliveMasterService(ConnectionImplementation.java:1259)
	at org.apache.hadoop.hbase.client.ConnectionImplementation.getMaster(ConnectionImplementation.java:1248)
	at org.apache.hadoop.hbase.client.MasterCallable.prepare(MasterCallable.java:57)
	at org.apache.hadoop.hbase.client.RpcRetryingCallerImpl.callWithRetries(RpcRetryingCallerImpl.java:105)
	at org.apache.hadoop.hbase.client.HBaseAdmin.executeCallable(HBaseAdmin.java:3133)
	at org.apache.hadoop.hbase.client.HBaseAdmin.executeCallable(HBaseAdmin.java:3125)
	at org.apache.hadoop.hbase.client.HBaseAdmin.createNamespaceAsync(HBaseAdmin.java:2223)
	at org.apache.hadoop.hbase.client.HBaseAdmin.createNamespace(HBaseAdmin.java:2216)
	at db.HBaseHelper.newNamespace(HBaseHelper.java:85)
	at db.HBaseHelper.initNamespace(HBaseHelper.java:78)
	at expt.Exp1.main(Exp1.java:15)
2019-11-20 19:38:19 下午 [Thread: main][ Class:org.apache.hadoop.hbase.client.ConnectionUtils >> Method: org.apache.hadoop.hbase.client.ConnectionUtils.getStubKey(ConnectionUtils.java:245) ]
WARN:Can not resolve myhbase, please check your network
java.net.UnknownHostException: myhbase
	at java.net.InetAddress.getAllByName0(InetAddress.java:1280)
	at java.net.InetAddress.getAllByName(InetAddress.java:1192)
	at java.net.InetAddress.getAllByName(InetAddress.java:1126)
	at java.net.InetAddress.getByName(InetAddress.java:1076)
	at org.apache.hadoop.hbase.client.ConnectionUtils.getStubKey(ConnectionUtils.java:242)
	at org.apache.hadoop.hbase.client.ConnectionImplementation$MasterServiceStubMaker.makeStubNoRetries(ConnectionImplementation.java:1172)
	at org.apache.hadoop.hbase.client.ConnectionImplementation$MasterServiceStubMaker.makeStub(ConnectionImplementation.java:1194)
	at org.apache.hadoop.hbase.client.ConnectionImplementation.getKeepAliveMasterService(ConnectionImplementation.java:1259)
	at org.apache.hadoop.hbase.client.ConnectionImplementation.getMaster(ConnectionImplementation.java:1248)
	at org.apache.hadoop.hbase.client.MasterCallable.prepare(MasterCallable.java:57)
	at org.apache.hadoop.hbase.client.RpcRetryingCallerImpl.callWithRetries(RpcRetryingCallerImpl.java:105)
	at org.apache.hadoop.hbase.client.HBaseAdmin.executeCallable(HBaseAdmin.java:3133)
	at org.apache.hadoop.hbase.client.HBaseAdmin.executeCallable(HBaseAdmin.java:3125)
	at org.apache.hadoop.hbase.client.HBaseAdmin.createNamespaceAsync(HBaseAdmin.java:2223)
	at org.apache.hadoop.hbase.client.HBaseAdmin.createNamespace(HBaseAdmin.java:2216)
	at db.HBaseHelper.newNamespace(HBaseHelper.java:85)
	at db.HBaseHelper.initNamespace(HBaseHelper.java:78)
	at expt.Exp1.main(Exp1.java:15)
2019-11-20 19:38:19 下午 [Thread: main][ Class:org.apache.hadoop.hbase.client.ConnectionUtils >> Method: org.apache.hadoop.hbase.client.ConnectionUtils.getStubKey(ConnectionUtils.java:245) ]
WARN:Can not resolve myhbase, please check your network
java.net.UnknownHostException: myhbase
	at java.net.InetAddress.getAllByName0(InetAddress.java:1280)
	at java.net.InetAddress.getAllByName(InetAddress.java:1192)
	at java.net.InetAddress.getAllByName(InetAddress.java:1126)
	at java.net.InetAddress.getByName(InetAddress.java:1076)
	at org.apache.hadoop.hbase.client.ConnectionUtils.getStubKey(ConnectionUtils.java:242)
	at org.apache.hadoop.hbase.client.ConnectionImplementation$MasterServiceStubMaker.makeStubNoRetries(ConnectionImplementation.java:1172)
	at org.apache.hadoop.hbase.client.ConnectionImplementation$MasterServiceStubMaker.makeStub(ConnectionImplementation.java:1194)
	at org.apache.hadoop.hbase.client.ConnectionImplementation.getKeepAliveMasterService(ConnectionImplementation.java:1259)
	at org.apache.hadoop.hbase.client.ConnectionImplementation.getMaster(ConnectionImplementation.java:1248)
	at org.apache.hadoop.hbase.client.MasterCallable.prepare(MasterCallable.java:57)
	at org.apache.hadoop.hbase.client.RpcRetryingCallerImpl.callWithRetries(RpcRetryingCallerImpl.java:105)
	at org.apache.hadoop.hbase.client.HBaseAdmin.executeCallable(HBaseAdmin.java:3133)
	at org.apache.hadoop.hbase.client.HBaseAdmin.executeCallable(HBaseAdmin.java:3125)
	at org.apache.hadoop.hbase.client.HBaseAdmin.createNamespaceAsync(HBaseAdmin.java:2223)
	at org.apache.hadoop.hbase.client.HBaseAdmin.createNamespace(HBaseAdmin.java:2216)
	at db.HBaseHelper.newNamespace(HBaseHelper.java:85)
	at db.HBaseHelper.initNamespace(HBaseHelper.java:78)
	at expt.Exp1.main(Exp1.java:15)
2019-11-20 19:38:20 下午 [Thread: main][ Class:org.apache.hadoop.hbase.client.ConnectionUtils >> Method: org.apache.hadoop.hbase.client.ConnectionUtils.getStubKey(ConnectionUtils.java:245) ]
WARN:Can not resolve myhbase, please check your network
java.net.UnknownHostException: myhbase
	at java.net.InetAddress.getAllByName0(InetAddress.java:1280)
	at java.net.InetAddress.getAllByName(InetAddress.java:1192)
	at java.net.InetAddress.getAllByName(InetAddress.java:1126)
	at java.net.InetAddress.getByName(InetAddress.java:1076)
	at org.apache.hadoop.hbase.client.ConnectionUtils.getStubKey(ConnectionUtils.java:242)
	at org.apache.hadoop.hbase.client.ConnectionImplementation$MasterServiceStubMaker.makeStubNoRetries(ConnectionImplementation.java:1172)
	at org.apache.hadoop.hbase.client.ConnectionImplementation$MasterServiceStubMaker.makeStub(ConnectionImplementation.java:1194)
	at org.apache.hadoop.hbase.client.ConnectionImplementation.getKeepAliveMasterService(ConnectionImplementation.java:1259)
	at org.apache.hadoop.hbase.client.ConnectionImplementation.getMaster(ConnectionImplementation.java:1248)
	at org.apache.hadoop.hbase.client.MasterCallable.prepare(MasterCallable.java:57)
	at org.apache.hadoop.hbase.client.RpcRetryingCallerImpl.callWithRetries(RpcRetryingCallerImpl.java:105)
	at org.apache.hadoop.hbase.client.HBaseAdmin.executeCallable(HBaseAdmin.java:3133)
	at org.apache.hadoop.hbase.client.HBaseAdmin.executeCallable(HBaseAdmin.java:3125)
	at org.apache.hadoop.hbase.client.HBaseAdmin.createNamespaceAsync(HBaseAdmin.java:2223)
	at org.apache.hadoop.hbase.client.HBaseAdmin.createNamespace(HBaseAdmin.java:2216)
	at db.HBaseHelper.newNamespace(HBaseHelper.java:85)
	at db.HBaseHelper.initNamespace(HBaseHelper.java:78)
	at expt.Exp1.main(Exp1.java:15)
2019-11-20 19:44:24 下午 [Thread: main][ Class:org.apache.hadoop.hbase.client.ConnectionUtils >> Method: org.apache.hadoop.hbase.client.ConnectionUtils.getStubKey(ConnectionUtils.java:245) ]
WARN:Can not resolve myhbase, please check your network
java.net.UnknownHostException: myhbase
	at java.net.Inet6AddressImpl.lookupAllHostAddr(Native Method)
	at java.net.InetAddress$2.lookupAllHostAddr(InetAddress.java:928)
	at java.net.InetAddress.getAddressesFromNameService(InetAddress.java:1323)
	at java.net.InetAddress.getAllByName0(InetAddress.java:1276)
	at java.net.InetAddress.getAllByName(InetAddress.java:1192)
	at java.net.InetAddress.getAllByName(InetAddress.java:1126)
	at java.net.InetAddress.getByName(InetAddress.java:1076)
	at org.apache.hadoop.hbase.client.ConnectionUtils.getStubKey(ConnectionUtils.java:242)
	at org.apache.hadoop.hbase.client.ConnectionImplementation$MasterServiceStubMaker.makeStubNoRetries(ConnectionImplementation.java:1172)
	at org.apache.hadoop.hbase.client.ConnectionImplementation$MasterServiceStubMaker.makeStub(ConnectionImplementation.java:1194)
	at org.apache.hadoop.hbase.client.ConnectionImplementation.getKeepAliveMasterService(ConnectionImplementation.java:1259)
	at org.apache.hadoop.hbase.client.ConnectionImplementation.getMaster(ConnectionImplementation.java:1248)
	at org.apache.hadoop.hbase.client.MasterCallable.prepare(MasterCallable.java:57)
	at org.apache.hadoop.hbase.client.RpcRetryingCallerImpl.callWithRetries(RpcRetryingCallerImpl.java:105)
	at org.apache.hadoop.hbase.client.HBaseAdmin.executeCallable(HBaseAdmin.java:3133)
	at org.apache.hadoop.hbase.client.HBaseAdmin.executeCallable(HBaseAdmin.java:3125)
	at org.apache.hadoop.hbase.client.HBaseAdmin.createNamespaceAsync(HBaseAdmin.java:2223)
	at org.apache.hadoop.hbase.client.HBaseAdmin.createNamespace(HBaseAdmin.java:2216)
	at db.HBaseHelper.newNamespace(HBaseHelper.java:85)
	at db.HBaseHelper.initNamespace(HBaseHelper.java:78)
	at expt.Exp1.main(Exp1.java:15)
2019-11-20 19:44:24 下午 [Thread: main][ Class:org.apache.hadoop.hbase.client.ConnectionUtils >> Method: org.apache.hadoop.hbase.client.ConnectionUtils.getStubKey(ConnectionUtils.java:245) ]
WARN:Can not resolve myhbase, please check your network
java.net.UnknownHostException: myhbase
	at java.net.InetAddress.getAllByName0(InetAddress.java:1280)
	at java.net.InetAddress.getAllByName(InetAddress.java:1192)
	at java.net.InetAddress.getAllByName(InetAddress.java:1126)
	at java.net.InetAddress.getByName(InetAddress.java:1076)
	at org.apache.hadoop.hbase.client.ConnectionUtils.getStubKey(ConnectionUtils.java:242)
	at org.apache.hadoop.hbase.client.ConnectionImplementation$MasterServiceStubMaker.makeStubNoRetries(ConnectionImplementation.java:1172)
	at org.apache.hadoop.hbase.client.ConnectionImplementation$MasterServiceStubMaker.makeStub(ConnectionImplementation.java:1194)
	at org.apache.hadoop.hbase.client.ConnectionImplementation.getKeepAliveMasterService(ConnectionImplementation.java:1259)
	at org.apache.hadoop.hbase.client.ConnectionImplementation.getMaster(ConnectionImplementation.java:1248)
	at org.apache.hadoop.hbase.client.MasterCallable.prepare(MasterCallable.java:57)
	at org.apache.hadoop.hbase.client.RpcRetryingCallerImpl.callWithRetries(RpcRetryingCallerImpl.java:105)
	at org.apache.hadoop.hbase.client.HBaseAdmin.executeCallable(HBaseAdmin.java:3133)
	at org.apache.hadoop.hbase.client.HBaseAdmin.executeCallable(HBaseAdmin.java:3125)
	at org.apache.hadoop.hbase.client.HBaseAdmin.createNamespaceAsync(HBaseAdmin.java:2223)
	at org.apache.hadoop.hbase.client.HBaseAdmin.createNamespace(HBaseAdmin.java:2216)
	at db.HBaseHelper.newNamespace(HBaseHelper.java:85)
	at db.HBaseHelper.initNamespace(HBaseHelper.java:78)
	at expt.Exp1.main(Exp1.java:15)
2019-11-20 19:44:25 下午 [Thread: main][ Class:org.apache.hadoop.hbase.client.ConnectionUtils >> Method: org.apache.hadoop.hbase.client.ConnectionUtils.getStubKey(ConnectionUtils.java:245) ]
WARN:Can not resolve myhbase, please check your network
java.net.UnknownHostException: myhbase
	at java.net.InetAddress.getAllByName0(InetAddress.java:1280)
	at java.net.InetAddress.getAllByName(InetAddress.java:1192)
	at java.net.InetAddress.getAllByName(InetAddress.java:1126)
	at java.net.InetAddress.getByName(InetAddress.java:1076)
	at org.apache.hadoop.hbase.client.ConnectionUtils.getStubKey(ConnectionUtils.java:242)
	at org.apache.hadoop.hbase.client.ConnectionImplementation$MasterServiceStubMaker.makeStubNoRetries(ConnectionImplementation.java:1172)
	at org.apache.hadoop.hbase.client.ConnectionImplementation$MasterServiceStubMaker.makeStub(ConnectionImplementation.java:1194)
	at org.apache.hadoop.hbase.client.ConnectionImplementation.getKeepAliveMasterService(ConnectionImplementation.java:1259)
	at org.apache.hadoop.hbase.client.ConnectionImplementation.getMaster(ConnectionImplementation.java:1248)
	at org.apache.hadoop.hbase.client.MasterCallable.prepare(MasterCallable.java:57)
	at org.apache.hadoop.hbase.client.RpcRetryingCallerImpl.callWithRetries(RpcRetryingCallerImpl.java:105)
	at org.apache.hadoop.hbase.client.HBaseAdmin.executeCallable(HBaseAdmin.java:3133)
	at org.apache.hadoop.hbase.client.HBaseAdmin.executeCallable(HBaseAdmin.java:3125)
	at org.apache.hadoop.hbase.client.HBaseAdmin.createNamespaceAsync(HBaseAdmin.java:2223)
	at org.apache.hadoop.hbase.client.HBaseAdmin.createNamespace(HBaseAdmin.java:2216)
	at db.HBaseHelper.newNamespace(HBaseHelper.java:85)
	at db.HBaseHelper.initNamespace(HBaseHelper.java:78)
	at expt.Exp1.main(Exp1.java:15)
2019-11-20 19:44:25 下午 [Thread: main][ Class:org.apache.hadoop.hbase.client.ConnectionUtils >> Method: org.apache.hadoop.hbase.client.ConnectionUtils.getStubKey(ConnectionUtils.java:245) ]
WARN:Can not resolve myhbase, please check your network
java.net.UnknownHostException: myhbase
	at java.net.InetAddress.getAllByName0(InetAddress.java:1280)
	at java.net.InetAddress.getAllByName(InetAddress.java:1192)
	at java.net.InetAddress.getAllByName(InetAddress.java:1126)
	at java.net.InetAddress.getByName(InetAddress.java:1076)
	at org.apache.hadoop.hbase.client.ConnectionUtils.getStubKey(ConnectionUtils.java:242)
	at org.apache.hadoop.hbase.client.ConnectionImplementation$MasterServiceStubMaker.makeStubNoRetries(ConnectionImplementation.java:1172)
	at org.apache.hadoop.hbase.client.ConnectionImplementation$MasterServiceStubMaker.makeStub(ConnectionImplementation.java:1194)
	at org.apache.hadoop.hbase.client.ConnectionImplementation.getKeepAliveMasterService(ConnectionImplementation.java:1259)
	at org.apache.hadoop.hbase.client.ConnectionImplementation.getMaster(ConnectionImplementation.java:1248)
	at org.apache.hadoop.hbase.client.MasterCallable.prepare(MasterCallable.java:57)
	at org.apache.hadoop.hbase.client.RpcRetryingCallerImpl.callWithRetries(RpcRetryingCallerImpl.java:105)
	at org.apache.hadoop.hbase.client.HBaseAdmin.executeCallable(HBaseAdmin.java:3133)
	at org.apache.hadoop.hbase.client.HBaseAdmin.executeCallable(HBaseAdmin.java:3125)
	at org.apache.hadoop.hbase.client.HBaseAdmin.createNamespaceAsync(HBaseAdmin.java:2223)
	at org.apache.hadoop.hbase.client.HBaseAdmin.createNamespace(HBaseAdmin.java:2216)
	at db.HBaseHelper.newNamespace(HBaseHelper.java:85)
	at db.HBaseHelper.initNamespace(HBaseHelper.java:78)
	at expt.Exp1.main(Exp1.java:15)
2019-11-20 19:44:25 下午 [Thread: main][ Class:org.apache.hadoop.hbase.client.ConnectionUtils >> Method: org.apache.hadoop.hbase.client.ConnectionUtils.getStubKey(ConnectionUtils.java:245) ]
WARN:Can not resolve myhbase, please check your network
java.net.UnknownHostException: myhbase
	at java.net.InetAddress.getAllByName0(InetAddress.java:1280)
	at java.net.InetAddress.getAllByName(InetAddress.java:1192)
	at java.net.InetAddress.getAllByName(InetAddress.java:1126)
	at java.net.InetAddress.getByName(InetAddress.java:1076)
	at org.apache.hadoop.hbase.client.ConnectionUtils.getStubKey(ConnectionUtils.java:242)
	at org.apache.hadoop.hbase.client.ConnectionImplementation$MasterServiceStubMaker.makeStubNoRetries(ConnectionImplementation.java:1172)
	at org.apache.hadoop.hbase.client.ConnectionImplementation$MasterServiceStubMaker.makeStub(ConnectionImplementation.java:1194)
	at org.apache.hadoop.hbase.client.ConnectionImplementation.getKeepAliveMasterService(ConnectionImplementation.java:1259)
	at org.apache.hadoop.hbase.client.ConnectionImplementation.getMaster(ConnectionImplementation.java:1248)
	at org.apache.hadoop.hbase.client.MasterCallable.prepare(MasterCallable.java:57)
	at org.apache.hadoop.hbase.client.RpcRetryingCallerImpl.callWithRetries(RpcRetryingCallerImpl.java:105)
	at org.apache.hadoop.hbase.client.HBaseAdmin.executeCallable(HBaseAdmin.java:3133)
	at org.apache.hadoop.hbase.client.HBaseAdmin.executeCallable(HBaseAdmin.java:3125)
	at org.apache.hadoop.hbase.client.HBaseAdmin.createNamespaceAsync(HBaseAdmin.java:2223)
	at org.apache.hadoop.hbase.client.HBaseAdmin.createNamespace(HBaseAdmin.java:2216)
	at db.HBaseHelper.newNamespace(HBaseHelper.java:85)
	at db.HBaseHelper.initNamespace(HBaseHelper.java:78)
	at expt.Exp1.main(Exp1.java:15)
2019-11-20 19:44:26 下午 [Thread: main][ Class:org.apache.hadoop.hbase.client.ConnectionUtils >> Method: org.apache.hadoop.hbase.client.ConnectionUtils.getStubKey(ConnectionUtils.java:245) ]
WARN:Can not resolve myhbase, please check your network
java.net.UnknownHostException: myhbase
	at java.net.InetAddress.getAllByName0(InetAddress.java:1280)
	at java.net.InetAddress.getAllByName(InetAddress.java:1192)
	at java.net.InetAddress.getAllByName(InetAddress.java:1126)
	at java.net.InetAddress.getByName(InetAddress.java:1076)
	at org.apache.hadoop.hbase.client.ConnectionUtils.getStubKey(ConnectionUtils.java:242)
	at org.apache.hadoop.hbase.client.ConnectionImplementation$MasterServiceStubMaker.makeStubNoRetries(ConnectionImplementation.java:1172)
	at org.apache.hadoop.hbase.client.ConnectionImplementation$MasterServiceStubMaker.makeStub(ConnectionImplementation.java:1194)
	at org.apache.hadoop.hbase.client.ConnectionImplementation.getKeepAliveMasterService(ConnectionImplementation.java:1259)
	at org.apache.hadoop.hbase.client.ConnectionImplementation.getMaster(ConnectionImplementation.java:1248)
	at org.apache.hadoop.hbase.client.MasterCallable.prepare(MasterCallable.java:57)
	at org.apache.hadoop.hbase.client.RpcRetryingCallerImpl.callWithRetries(RpcRetryingCallerImpl.java:105)
	at org.apache.hadoop.hbase.client.HBaseAdmin.executeCallable(HBaseAdmin.java:3133)
	at org.apache.hadoop.hbase.client.HBaseAdmin.executeCallable(HBaseAdmin.java:3125)
	at org.apache.hadoop.hbase.client.HBaseAdmin.createNamespaceAsync(HBaseAdmin.java:2223)
	at org.apache.hadoop.hbase.client.HBaseAdmin.createNamespace(HBaseAdmin.java:2216)
	at db.HBaseHelper.newNamespace(HBaseHelper.java:85)
	at db.HBaseHelper.initNamespace(HBaseHelper.java:78)
	at expt.Exp1.main(Exp1.java:15)
2019-11-20 21:32:17 下午 [Thread: hconnection-0x7a30d1e6-shared--pool1-t7][ Class:org.apache.hadoop.hbase.client.AsyncProcess >> Method: org.apache.hadoop.hbase.client.AsyncProcess$AsyncRequestFutureImpl.logNoResubmit(AsyncProcess.java:1305) ]
WARN:#2, table=user201700301037:student, attempt=1/35 failed=3818ops, last exception: org.apache.hadoop.hbase.regionserver.NoSuchColumnFamilyException: org.apache.hadoop.hbase.regionserver.NoSuchColumnFamilyException: Column family info does not exist in region user201700301037:student,,1574255668814.7cb97929a62926ee6aed2ec890cb0771. in table 'user201700301037:student', {NAME => 'age', BLOOMFILTER => 'ROW', VERSIONS => '1', IN_MEMORY => 'false', KEEP_DELETED_CELLS => 'FALSE', DATA_BLOCK_ENCODING => 'NONE', TTL => 'FOREVER', COMPRESSION => 'NONE', MIN_VERSIONS => '0', BLOCKCACHE => 'true', BLOCKSIZE => '65536', REPLICATION_SCOPE => '0'}, {NAME => 'birthday', BLOOMFILTER => 'ROW', VERSIONS => '1', IN_MEMORY => 'false', KEEP_DELETED_CELLS => 'FALSE', DATA_BLOCK_ENCODING => 'NONE', TTL => 'FOREVER', COMPRESSION => 'NONE', MIN_VERSIONS => '0', BLOCKCACHE => 'true', BLOCKSIZE => '65536', REPLICATION_SCOPE => '0'}, {NAME => 'class', BLOOMFILTER => 'ROW', VERSIONS => '1', IN_MEMORY => 'false', KEEP_DELETED_CELLS => 'FALSE', DATA_BLOCK_ENCODING => 'NONE', TTL => 'FOREVER', COMPRESSION => 'NONE', MIN_VERSIONS => '0', BLOCKCACHE => 'true', BLOCKSIZE => '65536', REPLICATION_SCOPE => '0'}, {NAME => 'dname', BLOOMFILTER => 'ROW', VERSIONS => '1', IN_MEMORY => 'false', KEEP_DELETED_CELLS => 'FALSE', DATA_BLOCK_ENCODING => 'NONE', TTL => 'FOREVER', COMPRESSION => 'NONE', MIN_VERSIONS => '0', BLOCKCACHE => 'true', BLOCKSIZE => '65536', REPLICATION_SCOPE => '0'}, {NAME => 'name', BLOOMFILTER => 'ROW', VERSIONS => '1', IN_MEMORY => 'false', KEEP_DELETED_CELLS => 'FALSE', DATA_BLOCK_ENCODING => 'NONE', TTL => 'FOREVER', COMPRESSION => 'NONE', MIN_VERSIONS => '0', BLOCKCACHE => 'true', BLOCKSIZE => '65536', REPLICATION_SCOPE => '0'}, {NAME => 'sex', BLOOMFILTER => 'ROW', VERSIONS => '1', IN_MEMORY => 'false', KEEP_DELETED_CELLS => 'FALSE', DATA_BLOCK_ENCODING => 'NONE', TTL => 'FOREVER', COMPRESSION => 'NONE', MIN_VERSIONS => '0', BLOCKCACHE => 'true', BLOCKSIZE => '65536', REPLICATION_SCOPE => '0'}, {NAME => 'sid', BLOOMFILTER => 'ROW', VERSIONS => '1', IN_MEMORY => 'false', KEEP_DELETED_CELLS => 'FALSE', DATA_BLOCK_ENCODING => 'NONE', TTL => 'FOREVER', COMPRESSION => 'NONE', MIN_VERSIONS => '0', BLOCKCACHE => 'true', BLOCKSIZE => '65536', REPLICATION_SCOPE => '0'}
	at org.apache.hadoop.hbase.regionserver.RSRpcServices.doBatchOp(RSRpcServices.java:876)
	at org.apache.hadoop.hbase.regionserver.RSRpcServices.doNonAtomicRegionMutation(RSRpcServices.java:831)
	at org.apache.hadoop.hbase.regionserver.RSRpcServices.multi(RSRpcServices.java:2336)
	at org.apache.hadoop.hbase.protobuf.generated.ClientProtos$ClientService$2.callBlockingMethod(ClientProtos.java:35080)
	at org.apache.hadoop.hbase.ipc.RpcServer.call(RpcServer.java:2349)
	at org.apache.hadoop.hbase.ipc.CallRunner.run(CallRunner.java:123)
	at org.apache.hadoop.hbase.ipc.RpcExecutor$Handler.run(RpcExecutor.java:188)
	at org.apache.hadoop.hbase.ipc.RpcExecutor$Handler.run(RpcExecutor.java:168)
 on myhbase,16201,1574250221115, tracking started Wed Nov 20 21:32:14 CST 2019; not retrying 3818 - final failure
2019-11-20 21:32:17 下午 [Thread: hconnection-0x7a30d1e6-shared--pool1-t8][ Class:org.apache.hadoop.hbase.client.AsyncProcess >> Method: org.apache.hadoop.hbase.client.AsyncProcess$AsyncRequestFutureImpl.logNoResubmit(AsyncProcess.java:1305) ]
WARN:#2, table=user201700301037:student, attempt=1/35 failed=173ops, last exception: org.apache.hadoop.hbase.regionserver.NoSuchColumnFamilyException: org.apache.hadoop.hbase.regionserver.NoSuchColumnFamilyException: Column family info does not exist in region user201700301037:student,,1574255668814.7cb97929a62926ee6aed2ec890cb0771. in table 'user201700301037:student', {NAME => 'age', BLOOMFILTER => 'ROW', VERSIONS => '1', IN_MEMORY => 'false', KEEP_DELETED_CELLS => 'FALSE', DATA_BLOCK_ENCODING => 'NONE', TTL => 'FOREVER', COMPRESSION => 'NONE', MIN_VERSIONS => '0', BLOCKCACHE => 'true', BLOCKSIZE => '65536', REPLICATION_SCOPE => '0'}, {NAME => 'birthday', BLOOMFILTER => 'ROW', VERSIONS => '1', IN_MEMORY => 'false', KEEP_DELETED_CELLS => 'FALSE', DATA_BLOCK_ENCODING => 'NONE', TTL => 'FOREVER', COMPRESSION => 'NONE', MIN_VERSIONS => '0', BLOCKCACHE => 'true', BLOCKSIZE => '65536', REPLICATION_SCOPE => '0'}, {NAME => 'class', BLOOMFILTER => 'ROW', VERSIONS => '1', IN_MEMORY => 'false', KEEP_DELETED_CELLS => 'FALSE', DATA_BLOCK_ENCODING => 'NONE', TTL => 'FOREVER', COMPRESSION => 'NONE', MIN_VERSIONS => '0', BLOCKCACHE => 'true', BLOCKSIZE => '65536', REPLICATION_SCOPE => '0'}, {NAME => 'dname', BLOOMFILTER => 'ROW', VERSIONS => '1', IN_MEMORY => 'false', KEEP_DELETED_CELLS => 'FALSE', DATA_BLOCK_ENCODING => 'NONE', TTL => 'FOREVER', COMPRESSION => 'NONE', MIN_VERSIONS => '0', BLOCKCACHE => 'true', BLOCKSIZE => '65536', REPLICATION_SCOPE => '0'}, {NAME => 'name', BLOOMFILTER => 'ROW', VERSIONS => '1', IN_MEMORY => 'false', KEEP_DELETED_CELLS => 'FALSE', DATA_BLOCK_ENCODING => 'NONE', TTL => 'FOREVER', COMPRESSION => 'NONE', MIN_VERSIONS => '0', BLOCKCACHE => 'true', BLOCKSIZE => '65536', REPLICATION_SCOPE => '0'}, {NAME => 'sex', BLOOMFILTER => 'ROW', VERSIONS => '1', IN_MEMORY => 'false', KEEP_DELETED_CELLS => 'FALSE', DATA_BLOCK_ENCODING => 'NONE', TTL => 'FOREVER', COMPRESSION => 'NONE', MIN_VERSIONS => '0', BLOCKCACHE => 'true', BLOCKSIZE => '65536', REPLICATION_SCOPE => '0'}, {NAME => 'sid', BLOOMFILTER => 'ROW', VERSIONS => '1', IN_MEMORY => 'false', KEEP_DELETED_CELLS => 'FALSE', DATA_BLOCK_ENCODING => 'NONE', TTL => 'FOREVER', COMPRESSION => 'NONE', MIN_VERSIONS => '0', BLOCKCACHE => 'true', BLOCKSIZE => '65536', REPLICATION_SCOPE => '0'}
	at org.apache.hadoop.hbase.regionserver.RSRpcServices.doBatchOp(RSRpcServices.java:876)
	at org.apache.hadoop.hbase.regionserver.RSRpcServices.doNonAtomicRegionMutation(RSRpcServices.java:831)
	at org.apache.hadoop.hbase.regionserver.RSRpcServices.multi(RSRpcServices.java:2336)
	at org.apache.hadoop.hbase.protobuf.generated.ClientProtos$ClientService$2.callBlockingMethod(ClientProtos.java:35080)
	at org.apache.hadoop.hbase.ipc.RpcServer.call(RpcServer.java:2349)
	at org.apache.hadoop.hbase.ipc.CallRunner.run(CallRunner.java:123)
	at org.apache.hadoop.hbase.ipc.RpcExecutor$Handler.run(RpcExecutor.java:188)
	at org.apache.hadoop.hbase.ipc.RpcExecutor$Handler.run(RpcExecutor.java:168)
 on myhbase,16201,1574250221115, tracking started Wed Nov 20 21:32:17 CST 2019; not retrying 173 - final failure
